This is pdfTeX, Version 3.14159265-2.6-1.40.20 (TeX Live 2019/Debian) (preloaded format=pdflatex 2019.11.17)  24 NOV 2019 18:14
entering extended mode
 restricted \write18 enabled.
 file:line:error style messages enabled.
 %&-line parsing enabled.
**/home/guille/universidad/tercero/trabajos/OpenAsteroides/memoria/main.tex
(/home/guille/universidad/tercero/trabajos/OpenAsteroides/memoria/main.tex
LaTeX2e <2019-10-01> patch level 3
(/usr/share/texlive/texmf-dist/tex/latex/base/article.cls
Document Class: article 2019/10/25 v1.4k Standard LaTeX document class
(/usr/share/texlive/texmf-dist/tex/latex/base/size12.clo
File: size12.clo 2019/10/25 v1.4k Standard LaTeX file (size option)
)
\c@part=\count80
\c@section=\count81
\c@subsection=\count82
\c@subsubsection=\count83
\c@paragraph=\count84
\c@subparagraph=\count85
\c@figure=\count86
\c@table=\count87
\abovecaptionskip=\skip41
\belowcaptionskip=\skip42
\bibindent=\dimen102
) (/usr/share/texlive/texmf-dist/tex/latex/base/inputenc.sty
Package: inputenc 2018/08/11 v1.3c Input encoding file
\inpenc@prehook=\toks14
\inpenc@posthook=\toks15
) (/usr/share/texlive/texmf-dist/tex/generic/babel/babel.sty
Package: babel 2019/10/15 3.35 The Babel package
 (/usr/share/texlive/texmf-dist/tex/generic/babel/switch.def
File: switch.def 2019/10/15 3.35 Babel switching mechanism
) (/usr/share/texlive/texmf-dist/tex/generic/babel-spanish/spanish.ldf
Language: spanish.ldf 2016/03/03 v5.0p Spanish support from the babel system
 (/usr/share/texlive/texmf-dist/tex/generic/babel/babel.def
File: babel.def 2019/10/15 3.35 Babel common definitions
\babel@savecnt=\count88
\U@D=\dimen103
 (/usr/share/texlive/texmf-dist/tex/generic/babel/txtbabel.def)
\bbl@dirlevel=\count89
)
\es@quottoks=\toks16
\es@quotdepth=\count90
Package babel Info: Making " an active character on input line 561.
Package babel Info: Making . an active character on input line 662.
Package babel Info: Making < an active character on input line 707.
Package babel Info: Making > an active character on input line 707.
)) (/usr/share/texlive/texmf-dist/tex/latex/listings/listings.sty (/usr/share/texlive/texmf-dist/tex/latex/graphics/keyval.sty
Package: keyval 2014/10/28 v1.15 key=value parser (DPC)
\KV@toks@=\toks17
)
\lst@mode=\count91
\lst@gtempboxa=\box27
\lst@token=\toks18
\lst@length=\count92
\lst@currlwidth=\dimen104
\lst@column=\count93
\lst@pos=\count94
\lst@lostspace=\dimen105
\lst@width=\dimen106
\lst@newlines=\count95
\lst@lineno=\count96
\lst@maxwidth=\dimen107
 (/usr/share/texlive/texmf-dist/tex/latex/listings/lstmisc.sty
File: lstmisc.sty 2019/09/10 1.8c (Carsten Heinz)
\c@lstnumber=\count97
\lst@skipnumbers=\count98
\lst@framebox=\box28
) (/usr/share/texlive/texmf-dist/tex/latex/listings/listings.cfg
File: listings.cfg 2019/09/10 1.8c listings configuration
))
Package: listings 2019/09/10 1.8c (Carsten Heinz)
 (/usr/share/texlive/texmf-dist/tex/latex/graphics/graphicx.sty
Package: graphicx 2017/06/01 v1.1a Enhanced LaTeX Graphics (DPC,SPQR)
 (/usr/share/texlive/texmf-dist/tex/latex/graphics/graphics.sty
Package: graphics 2019/11/01 v1.3d Standard LaTeX Graphics (DPC,SPQR)
 (/usr/share/texlive/texmf-dist/tex/latex/graphics/trig.sty
Package: trig 2016/01/03 v1.10 sin cos tan (DPC)
) (/usr/share/texlive/texmf-dist/tex/latex/graphics-cfg/graphics.cfg
File: graphics.cfg 2016/06/04 v1.11 sample graphics configuration
)
Package graphics Info: Driver file: pdftex.def on input line 105.
 (/usr/share/texlive/texmf-dist/tex/latex/graphics-def/pdftex.def
File: pdftex.def 2018/01/08 v1.0l Graphics/color driver for pdftex
))
\Gin@req@height=\dimen108
\Gin@req@width=\dimen109
) (/usr/share/texlive/texmf-dist/tex/latex/ragged2e/ragged2e.sty
Package: ragged2e 2019/07/28 v2.2 ragged2e Package (MS)
 (/usr/share/texlive/texmf-dist/tex/latex/ms/everysel.sty
Package: everysel 2011/10/28 v1.2 EverySelectfont Package (MS)
)
\CenteringLeftskip=\skip43
\RaggedLeftLeftskip=\skip44
\RaggedRightLeftskip=\skip45
\CenteringRightskip=\skip46
\RaggedLeftRightskip=\skip47
\RaggedRightRightskip=\skip48
\CenteringParfillskip=\skip49
\RaggedLeftParfillskip=\skip50
\RaggedRightParfillskip=\skip51
\JustifyingParfillskip=\skip52
\CenteringParindent=\skip53
\RaggedLeftParindent=\skip54
\RaggedRightParindent=\skip55
\JustifyingParindent=\skip56
) (/usr/share/texlive/texmf-dist/tex/latex/enumitem/enumitem.sty
Package: enumitem 2019/06/20 v3.9 Customized lists
\labelindent=\skip57
\enit@outerparindent=\dimen110
\enit@toks=\toks19
\enit@inbox=\box29
\enit@count@id=\count99
\enitdp@description=\count100
) (/home/guille/universidad/tercero/trabajos/OpenAsteroides/memoria/main.aux)
\openout1 = `main.aux'.

LaTeX Font Info:    Checking defaults for OML/cmm/m/it on input line 16.
LaTeX Font Info:    ... okay on input line 16.
LaTeX Font Info:    Checking defaults for T1/cmr/m/n on input line 16.
LaTeX Font Info:    ... okay on input line 16.
LaTeX Font Info:    Checking defaults for OT1/cmr/m/n on input line 16.
LaTeX Font Info:    ... okay on input line 16.
LaTeX Font Info:    Checking defaults for OMS/cmsy/m/n on input line 16.
LaTeX Font Info:    ... okay on input line 16.
LaTeX Font Info:    Checking defaults for OMX/cmex/m/n on input line 16.
LaTeX Font Info:    ... okay on input line 16.
LaTeX Font Info:    Checking defaults for U/cmr/m/n on input line 16.
LaTeX Font Info:    ... okay on input line 16.
LaTeX Info: Redefining \. on input line 16.
LaTeX Info: Redefining \% on input line 16.
\c@lstlisting=\count101
 (/usr/share/texlive/texmf-dist/tex/context/base/mkii/supp-pdf.mkii
[Loading MPS to PDF converter (version 2006.09.02).]
\scratchcounter=\count102
\scratchdimen=\dimen111
\scratchbox=\box30
\nofMPsegments=\count103
\nofMParguments=\count104
\everyMPshowfont=\toks20
\MPscratchCnt=\count105
\MPscratchDim=\dimen112
\MPnumerator=\count106
\makeMPintoPDFobject=\count107
\everyMPtoPDFconversion=\toks21
) (/usr/share/texlive/texmf-dist/tex/latex/oberdiek/epstopdf-base.sty
Package: epstopdf-base 2016/05/15 v2.6 Base part for package epstopdf
 (/usr/share/texlive/texmf-dist/tex/generic/oberdiek/infwarerr.sty
Package: infwarerr 2016/05/16 v1.4 Providing info/warning/error messages (HO)
) (/usr/share/texlive/texmf-dist/tex/latex/oberdiek/grfext.sty
Package: grfext 2016/05/16 v1.2 Manage graphics extensions (HO)
 (/usr/share/texlive/texmf-dist/tex/generic/oberdiek/kvdefinekeys.sty
Package: kvdefinekeys 2016/05/16 v1.4 Define keys (HO)
 (/usr/share/texlive/texmf-dist/tex/generic/oberdiek/ltxcmds.sty
Package: ltxcmds 2016/05/16 v1.23 LaTeX kernel commands for general use (HO)
))) (/usr/share/texlive/texmf-dist/tex/latex/oberdiek/kvoptions.sty
Package: kvoptions 2016/05/16 v3.12 Key value format for package options (HO)
 (/usr/share/texlive/texmf-dist/tex/generic/oberdiek/kvsetkeys.sty
Package: kvsetkeys 2016/05/16 v1.17 Key value parser (HO)
 (/usr/share/texlive/texmf-dist/tex/generic/oberdiek/etexcmds.sty
Package: etexcmds 2016/05/16 v1.6 Avoid name clashes with e-TeX commands (HO)
 (/usr/share/texlive/texmf-dist/tex/generic/iftex/ifluatex.sty
Package: ifluatex 2019/10/25 v1.5 ifluatex legacy package. Use iftex instead.
 (/usr/share/texlive/texmf-dist/tex/generic/iftex/iftex.sty
Package: iftex 2019/11/07 v1.0c TeX engine tests
))))) (/usr/share/texlive/texmf-dist/tex/generic/oberdiek/pdftexcmds.sty
Package: pdftexcmds 2019/07/25 v0.30 Utility functions of pdfTeX for LuaTeX (HO)
 (/usr/share/texlive/texmf-dist/tex/generic/iftex/ifpdf.sty
Package: ifpdf 2019/10/25 v3.4 ifpdf legacy package. Use iftex instead.
)
Package pdftexcmds Info: LuaTeX not detected.
Package pdftexcmds Info: \pdf@primitive is available.
Package pdftexcmds Info: \pdf@ifprimitive is available.
Package pdftexcmds Info: \pdfdraftmode found.
)
Package epstopdf-base Info: Redefining graphics rule for `.eps' on input line 438.
Package grfext Info: Graphics extension search list:
(grfext)             [.pdf,.png,.jpg,.mps,.jpeg,.jbig2,.jb2,.PDF,.PNG,.JPG,.JPEG,.JBIG2,.JB2,.eps]
(grfext)             \AppendGraphicsExtensions on input line 456.
 (/usr/share/texlive/texmf-dist/tex/latex/latexconfig/epstopdf-sys.cfg
File: epstopdf-sys.cfg 2010/07/13 v1.3 Configuration of (r)epstopdf for TeX Live
)) ABD: EverySelectfont initializing macros
LaTeX Info: Redefining \selectfont on input line 16.
<./images/uc3m.png, id=1, 405.515pt x 130.4875pt>
File: ./images/uc3m.png Graphic file (type png)
<use ./images/uc3m.png>
Package pdftex.def Info: ./images/uc3m.png  used on input line 20.
(pdftex.def)             Requested size: 227.62204pt x 73.24571pt.

Underfull \hbox (badness 10000) in paragraph at lines 38--47

 []


Underfull \hbox (badness 10000) in paragraph at lines 38--47

 []

[1

{/var/lib/texmf/fonts/map/pdftex/updmap/pdftex.map} <./images/uc3m.png>]
No file main.toc.
\tf@toc=\write3
\openout3 = `main.toc'.

[2]
Underfull \hbox (badness 10000) in paragraph at lines 54--58

 []


Underfull \hbox (badness 10000) in paragraph at lines 54--58

 []

LaTeX Font Info:    External font `cmex10' loaded for size
(Font)              <12> on input line 61.
LaTeX Font Info:    External font `cmex10' loaded for size
(Font)              <8> on input line 61.
LaTeX Font Info:    External font `cmex10' loaded for size
(Font)              <6> on input line 61.
[3]
<images/chart.png, id=20, 826.08624pt x 510.90875pt>
File: images/chart.png Graphic file (type png)
<use images/chart.png>
Package pdftex.def Info: images/chart.png  used on input line 82.
(pdftex.def)             Requested size: 390.0pt x 241.20297pt.
 [4 </home/guille/universidad/tercero/trabajos/OpenAsteroides/memoria/images/chart.png>]
<images/chart2.png, id=25, 826.08624pt x 510.90875pt>
File: images/chart2.png Graphic file (type png)
<use images/chart2.png>
Package pdftex.def Info: images/chart2.png  used on input line 104.
(pdftex.def)             Requested size: 390.0pt x 241.20297pt.
 [5 </home/guille/universidad/tercero/trabajos/OpenAsteroides/memoria/images/chart2.png>] [6] [7]

/home/guille/universidad/tercero/trabajos/OpenAsteroides/memoria/main.tex:147: LaTeX Error: Something's wrong--perhaps a missing \item.

See the LaTeX manual or LaTeX Companion for explanation.
Type  H <return>  for immediate help.
 ...                                              
                                                  
l.147             \textbf{\item 1 Hilo}
                                        \\
Try typing  <return>  to proceed.
If that doesn't work, type  X <return>  to quit.


/home/guille/universidad/tercero/trabajos/OpenAsteroides/memoria/main.tex:147: LaTeX Error: Something's wrong--perhaps a missing \item.

See the LaTeX manual or LaTeX Companion for explanation.
Type  H <return>  for immediate help.
 ...                                              
                                                  
l.147             \textbf{\item 1 Hilo}
                                        \\
Try typing  <return>  to proceed.
If that doesn't work, type  X <return>  to quit.


/home/guille/universidad/tercero/trabajos/OpenAsteroides/memoria/main.tex:147: LaTeX Error: Something's wrong--perhaps a missing \item.

See the LaTeX manual or LaTeX Companion for explanation.
Type  H <return>  for immediate help.
 ...                                              
                                                  
l.147             \textbf{\item 1 Hilo}
                                        \\
Try typing  <return>  to proceed.
If that doesn't work, type  X <return>  to quit.


/home/guille/universidad/tercero/trabajos/OpenAsteroides/memoria/main.tex:148: LaTeX Error: Something's wrong--perhaps a missing \item.

See the LaTeX manual or LaTeX Companion for explanation.
Type  H <return>  for immediate help.
 ...                                              
                                                  
l.148                 \begin{center}
                                    
Try typing  <return>  to proceed.
If that doesn't work, type  X <return>  to quit.

<images/chart3.png, id=37, 826.08624pt x 510.90875pt>
File: images/chart3.png Graphic file (type png)
<use images/chart3.png>
Package pdftex.def Info: images/chart3.png  used on input line 153.
(pdftex.def)             Requested size: 390.0pt x 241.20297pt.
[8 </home/guille/universidad/tercero/trabajos/OpenAsteroides/memoria/images/chart3.png>]
<images/chart4.png, id=42, 826.08624pt x 510.90875pt>
File: images/chart4.png Graphic file (type png)
<use images/chart4.png>
Package pdftex.def Info: images/chart4.png  used on input line 175.
(pdftex.def)             Requested size: 390.0pt x 241.20297pt.
 [9 </home/guille/universidad/tercero/trabajos/OpenAsteroides/memoria/images/chart4.png>]
Underfull \hbox (badness 10000) in paragraph at lines 192--193

 []

<images/chart5.png, id=47, 826.08624pt x 510.90875pt>
File: images/chart5.png Graphic file (type png)
<use images/chart5.png>
Package pdftex.def Info: images/chart5.png  used on input line 198.
(pdftex.def)             Requested size: 390.0pt x 241.20297pt.
[10 </home/guille/universidad/tercero/trabajos/OpenAsteroides/memoria/images/chart5.png>]
<images/chart6.png, id=52, 826.08624pt x 510.90875pt>
File: images/chart6.png Graphic file (type png)
<use images/chart6.png>
Package pdftex.def Info: images/chart6.png  used on input line 220.
(pdftex.def)             Requested size: 390.0pt x 241.20297pt.
 [11 </home/guille/universidad/tercero/trabajos/OpenAsteroides/memoria/images/chart6.png>]
Underfull \hbox (badness 10000) in paragraph at lines 237--238

 []

<images/chart7.png, id=57, 826.08624pt x 510.90875pt>
File: images/chart7.png Graphic file (type png)
<use images/chart7.png>
Package pdftex.def Info: images/chart7.png  used on input line 243.
(pdftex.def)             Requested size: 390.0pt x 241.20297pt.
[12 </home/guille/universidad/tercero/trabajos/OpenAsteroides/memoria/images/chart7.png>]
<images/chart8.png, id=62, 826.08624pt x 510.90875pt>
File: images/chart8.png Graphic file (type png)
<use images/chart8.png>
Package pdftex.def Info: images/chart8.png  used on input line 265.
(pdftex.def)             Requested size: 390.0pt x 241.20297pt.
 [13 </home/guille/universidad/tercero/trabajos/OpenAsteroides/memoria/images/chart8.png>]
Underfull \hbox (badness 10000) in paragraph at lines 282--283

 []

<images/chart9.png, id=68, 826.08624pt x 510.90875pt>
File: images/chart9.png Graphic file (type png)
<use images/chart9.png>
Package pdftex.def Info: images/chart9.png  used on input line 288.
(pdftex.def)             Requested size: 390.0pt x 241.20297pt.
[14 </home/guille/universidad/tercero/trabajos/OpenAsteroides/memoria/images/chart9.png>]
<images/chart10.png, id=73, 826.08624pt x 510.90875pt>
File: images/chart10.png Graphic file (type png)
<use images/chart10.png>
Package pdftex.def Info: images/chart10.png  used on input line 310.
(pdftex.def)             Requested size: 390.0pt x 241.20297pt.
 [15 </home/guille/universidad/tercero/trabajos/OpenAsteroides/memoria/images/chart10.png>]
Underfull \hbox (badness 10000) in paragraph at lines 327--328

 []

<images/chart11.png, id=78, 826.08624pt x 510.90875pt>
File: images/chart11.png Graphic file (type png)
<use images/chart11.png>
Package pdftex.def Info: images/chart11.png  used on input line 333.
(pdftex.def)             Requested size: 390.0pt x 241.20297pt.
[16 </home/guille/universidad/tercero/trabajos/OpenAsteroides/memoria/images/chart11.png>]
<images/chart12.png, id=83, 826.08624pt x 510.90875pt>
File: images/chart12.png Graphic file (type png)
<use images/chart12.png>
Package pdftex.def Info: images/chart12.png  used on input line 355.
(pdftex.def)             Requested size: 390.0pt x 241.20297pt.
 [17 </home/guille/universidad/tercero/trabajos/OpenAsteroides/memoria/images/chart12.png>] [18] [19] [19] (/home/guille/universidad/tercero/trabajos/OpenAsteroides/memoria/main.aux
LaTeX Info: Redefining \. on input line 7.
LaTeX Info: Redefining \% on input line 7.
) ) 
Here is how much of TeX's memory you used:
 4334 strings out of 492164
 62946 string characters out of 6127731
 142357 words of memory out of 5000000
 8645 multiletter control sequences out of 15000+600000
 9154 words of font info for 32 fonts, out of 8000000 for 9000
 1141 hyphenation exceptions out of 8191
 55i,5n,36p,417b,361s stack positions out of 5000i,500n,10000p,200000b,80000s
</usr/share/texlive/texmf-dist/fonts/type1/public/amsfonts/cm/cmbx12.pfb></usr/share/texlive/texmf-dist/fonts/type1/public/amsfonts/cm/cmr12.pfb></usr/share/texlive/texmf-dist/fonts/type1/public/amsfonts/cm/cmr17.pfb></usr/share/texlive/texmf-dist/fonts/type1/public/amsfonts/cm/cmsy10.pfb></usr/share/texlive/texmf-dist/fonts/type1/public/amsfonts/cm/cmti12.pfb>
Output written on /home/guille/universidad/tercero/trabajos/OpenAsteroides/memoria/main.pdf (20 pages, 237103 bytes).
PDF statistics:
 116 PDF objects out of 1000 (max. 8388607)
 62 compressed objects within 1 object stream
 0 named destinations out of 1000 (max. 500000)
 66 words of extra memory for PDF output out of 10000 (max. 10000000)

